<?xml version="1.0" encoding="UTF-8"?>
<!-- Generated by org.testng.reporters.JUnitXMLReporter -->
<testsuite hostname="NAZEER-PC" ignored="0" name="Test" tests="1" failures="0" timestamp="09 Dec 2021 05:44:48 GMT" time="0.08" errors="0">
  <testcase name="@BeforeClass setup" time="0.0" classname="Testcases.BaseClass">
    <failure type="org.testng.TestNGException" message="
Parameter &amp;apos;browser&amp;apos; is required by BeforeClass on method setup but has not been marked @Optional or defined
in F:\Eclipse WorkSpace\Demo_guru_Banking\testng.xml">
      <![CDATA[org.testng.TestNGException: 
Parameter 'browser' is required by BeforeClass on method setup but has not been marked @Optional or defined
in F:\Eclipse WorkSpace\Demo_guru_Banking\testng.xml
... Removed 22 stack frames]]>
    </failure>
  </testcase> <!-- @BeforeClass setup -->
  <testcase name="loginTest" time="0.011" classname="Testcases.TestCases_001">
    <skipped/>
  </testcase> <!-- loginTest -->
</testsuite> <!-- Test -->
